<?xml version="1.0" encoding="UTF-8"?>
<testng-results ignored="0" total="1" passed="1" failed="0" skipped="0">
  <reporter-output>
  </reporter-output>
  <suite started-at="2025-05-18T20:46:49 WAT" name="LoginSuite" finished-at="2025-05-18T20:46:56 WAT" duration-ms="6844">
    <groups>
    </groups>
    <test started-at="2025-05-18T20:46:49 WAT" name="LoginTest&gt;" finished-at="2025-05-18T20:46:56 WAT" duration-ms="6844">
      <class name="tests.LoginTest">
        <test-method is-config="true" signature="setup()[pri:0, instance:tests.LoginTest@c8c12ac]" started-at="2025-05-18T20:46:49 WAT" name="setup" finished-at="2025-05-18T20:46:54 WAT" duration-ms="5123" status="PASS">
          <reporter-output>
          </reporter-output>
        </test-method> <!-- setup -->
        <test-method signature="testValidLogin()[pri:0, instance:tests.LoginTest@c8c12ac]" started-at="2025-05-18T20:46:54 WAT" name="testValidLogin" finished-at="2025-05-18T20:46:55 WAT" duration-ms="1346" status="PASS">
          <reporter-output>
          </reporter-output>
        </test-method> <!-- testValidLogin -->
        <test-method is-config="true" signature="teardown()[pri:0, instance:tests.LoginTest@c8c12ac]" started-at="2025-05-18T20:46:56 WAT" name="teardown" finished-at="2025-05-18T20:46:56 WAT" duration-ms="273" status="PASS">
          <reporter-output>
          </reporter-output>
        </test-method> <!-- teardown -->
      </class> <!-- tests.LoginTest -->
    </test> <!-- LoginTest> -->
  </suite> <!-- LoginSuite -->
</testng-results>
